TN:
SF:routes.js
FNF:0
FNH:0
DA:1,1
DA:2,1
DA:3,1
DA:7,1
DA:16,1
DA:26,1
DA:34,1
DA:42,1
DA:49,1
DA:56,1
DA:58,1
DA:61,1
DA:62,1
DA:63,1
DA:64,1
DA:65,1
DA:206,1
DA:207,1
DA:208,1
DA:209,1
DA:210,1
DA:211,1
DA:212,1
DA:420,1
DA:421,1
DA:422,1
DA:423,1
DA:424,1
DA:589,1
DA:590,1
DA:591,1
DA:592,1
DA:593,1
DA:762,1
DA:763,1
DA:764,1
DA:765,1
DA:914,1
DA:915,1
DA:916,1
DA:917,1
DA:1022,1
DA:1023,1
DA:1104,1
LF:44
LH:44
BRF:0
BRH:0
end_of_record
TN:
SF:server.js
FN:48,(anonymous_0)
FN:56,(anonymous_1)
FNF:2
FNH:2
FNDA:38,(anonymous_0)
FNDA:1,(anonymous_1)
DA:1,1
DA:2,1
DA:3,1
DA:4,1
DA:5,1
DA:6,1
DA:7,1
DA:8,1
DA:10,1
DA:12,1
DA:13,1
DA:15,1
DA:38,1
DA:40,1
DA:42,1
DA:43,1
DA:44,1
DA:45,1
DA:46,1
DA:48,1
DA:49,38
DA:50,38
DA:53,1
DA:54,1
DA:56,1
DA:57,1
DA:60,1
LF:27
LH:27
BRF:0
BRH:0
end_of_record
TN:
SF:controllers\about.controllers.js
FN:4,(anonymous_0)
FN:24,(anonymous_1)
FN:39,(anonymous_2)
FN:41,(anonymous_3)
FN:45,(anonymous_4)
FN:68,(anonymous_5)
FN:74,(anonymous_6)
FN:78,(anonymous_7)
FN:97,(anonymous_8)
FN:106,(anonymous_9)
FNF:10
FNH:0
FNDA:0,(anonymous_0)
FNDA:0,(anonymous_1)
FNDA:0,(anonymous_2)
FNDA:0,(anonymous_3)
FNDA:0,(anonymous_4)
FNDA:0,(anonymous_5)
FNDA:0,(anonymous_6)
FNDA:0,(anonymous_7)
FNDA:0,(anonymous_8)
FNDA:0,(anonymous_9)
DA:1,1
DA:2,1
DA:4,1
DA:5,0
DA:9,0
DA:10,0
DA:11,0
DA:16,0
DA:17,0
DA:19,0
DA:24,0
DA:25,0
DA:32,0
DA:39,1
DA:40,0
DA:41,0
DA:42,0
DA:43,0
DA:45,0
DA:46,0
DA:47,0
DA:49,0
DA:61,0
DA:68,1
DA:69,0
DA:73,0
DA:74,0
DA:75,0
DA:76,0
DA:78,0
DA:79,0
DA:80,0
DA:82,0
DA:90,0
DA:97,1
DA:98,0
DA:103,0
DA:104,0
DA:107,0
DA:113,0
LF:40
LH:6
BRDA:10,0,0,0
BRDA:10,0,1,0
BRDA:46,1,0,0
BRDA:46,1,1,0
BRDA:79,2,0,0
BRDA:79,2,1,0
BRF:6
BRH:0
end_of_record
TN:
SF:controllers\blogs.controllers.js
FN:7,(anonymous_0)
FN:29,(anonymous_1)
FN:44,(anonymous_2)
FN:50,(anonymous_3)
FN:64,(anonymous_4)
FN:66,(anonymous_5)
FN:81,(anonymous_6)
FN:94,(anonymous_7)
FN:98,(anonymous_8)
FN:104,(anonymous_9)
FN:122,(anonymous_10)
FN:128,(anonymous_11)
FN:130,(anonymous_12)
FN:131,(anonymous_13)
FN:147,(anonymous_14)
FN:153,(anonymous_15)
FN:157,(anonymous_16)
FN:166,(anonymous_17)
FN:182,(anonymous_18)
FN:197,(anonymous_19)
FNF:20
FNH:0
FNDA:0,(anonymous_0)
FNDA:0,(anonymous_1)
FNDA:0,(anonymous_2)
FNDA:0,(anonymous_3)
FNDA:0,(anonymous_4)
FNDA:0,(anonymous_5)
FNDA:0,(anonymous_6)
FNDA:0,(anonymous_7)
FNDA:0,(anonymous_8)
FNDA:0,(anonymous_9)
FNDA:0,(anonymous_10)
FNDA:0,(anonymous_11)
FNDA:0,(anonymous_12)
FNDA:0,(anonymous_13)
FNDA:0,(anonymous_14)
FNDA:0,(anonymous_15)
FNDA:0,(anonymous_16)
FNDA:0,(anonymous_17)
FNDA:0,(anonymous_18)
FNDA:0,(anonymous_19)
DA:1,1
DA:2,1
DA:3,1
DA:5,1
DA:7,1
DA:8,0
DA:12,0
DA:13,0
DA:14,0
DA:15,0
DA:20,0
DA:21,0
DA:22,0
DA:29,0
DA:30,0
DA:37,0
DA:44,1
DA:45,0
DA:49,0
DA:50,0
DA:51,0
DA:52,0
DA:54,0
DA:57,0
DA:64,1
DA:65,0
DA:66,0
DA:67,0
DA:74,0
DA:81,1
DA:82,0
DA:87,0
DA:88,0
DA:89,0
DA:94,0
DA:95,0
DA:96,0
DA:98,0
DA:99,0
DA:100,0
DA:102,0
DA:105,0
DA:115,0
DA:122,1
DA:123,0
DA:127,0
DA:128,0
DA:129,0
DA:130,0
DA:131,0
DA:132,0
DA:140,0
DA:147,1
DA:148,0
DA:152,0
DA:153,0
DA:154,0
DA:155,0
DA:158,0
DA:164,0
DA:167,0
DA:175,0
DA:182,1
DA:183,0
DA:188,0
DA:189,0
DA:198,0
DA:204,0
LF:68
LH:11
BRDA:14,0,0,0
BRDA:14,0,1,0
BRDA:88,1,0,0
BRDA:88,1,1,0
BRDA:99,2,0,0
BRDA:99,2,1,0
BRDA:154,3,0,0
BRDA:154,3,1,0
BRF:8
BRH:0
end_of_record
TN:
SF:controllers\experience.controllers.js
FN:3,(anonymous_0)
FN:24,(anonymous_1)
FN:38,(anonymous_2)
FN:44,(anonymous_3)
FN:59,(anonymous_4)
FN:61,(anonymous_5)
FN:76,(anonymous_6)
FN:95,(anonymous_7)
FN:109,(anonymous_8)
FN:115,(anonymous_9)
FNF:10
FNH:0
FNDA:0,(anonymous_0)
FNDA:0,(anonymous_1)
FNDA:0,(anonymous_2)
FNDA:0,(anonymous_3)
FNDA:0,(anonymous_4)
FNDA:0,(anonymous_5)
FNDA:0,(anonymous_6)
FNDA:0,(anonymous_7)
FNDA:0,(anonymous_8)
FNDA:0,(anonymous_9)
DA:1,1
DA:3,1
DA:4,0
DA:13,0
DA:14,0
DA:24,0
DA:25,0
DA:31,0
DA:38,1
DA:39,0
DA:43,0
DA:44,0
DA:45,0
DA:52,0
DA:59,1
DA:60,0
DA:61,0
DA:62,0
DA:69,0
DA:76,1
DA:77,0
DA:87,0
DA:88,0
DA:96,0
DA:102,0
DA:109,1
DA:110,0
DA:114,0
DA:115,0
DA:116,0
DA:122,0
LF:31
LH:6
BRF:0
BRH:0
end_of_record
TN:
SF:controllers\messages.controllers.js
FN:6,(anonymous_0)
FN:26,(anonymous_1)
FN:41,(anonymous_2)
FN:47,(anonymous_3)
FN:61,(anonymous_4)
FN:67,(anonymous_5)
FN:82,(anonymous_6)
FN:89,(anonymous_7)
FN:90,(anonymous_8)
FN:93,(anonymous_9)
FN:109,(anonymous_10)
FN:111,(anonymous_11)
FNF:12
FNH:12
FNDA:1,(anonymous_0)
FNDA:1,(anonymous_1)
FNDA:1,(anonymous_2)
FNDA:1,(anonymous_3)
FNDA:1,(anonymous_4)
FNDA:1,(anonymous_5)
FNDA:1,(anonymous_6)
FNDA:1,(anonymous_7)
FNDA:1,(anonymous_8)
FNDA:1,(anonymous_9)
FNDA:4,(anonymous_10)
FNDA:4,(anonymous_11)
DA:1,1
DA:3,1
DA:4,1
DA:6,1
DA:7,1
DA:13,1
DA:14,1
DA:16,1
DA:17,0
DA:19,1
DA:26,1
DA:27,1
DA:34,0
DA:41,1
DA:42,1
DA:46,1
DA:47,1
DA:48,1
DA:54,0
DA:61,1
DA:62,1
DA:66,1
DA:67,1
DA:68,1
DA:75,0
DA:82,1
DA:83,1
DA:88,1
DA:89,1
DA:90,1
DA:91,1
DA:94,1
DA:102,0
DA:109,1
DA:110,4
DA:111,4
DA:112,4
DA:119,0
DA:126,1
LF:39
LH:33
BRDA:16,0,0,0
BRDA:16,0,1,1
BRF:2
BRH:1
end_of_record
TN:
SF:controllers\skills.controllers.js
FN:3,(anonymous_0)
FN:17,(anonymous_1)
FN:31,(anonymous_2)
FN:33,(anonymous_3)
FN:48,(anonymous_4)
FN:61,(anonymous_5)
FN:75,(anonymous_6)
FN:81,(anonymous_7)
FNF:8
FNH:8
FNDA:1,(anonymous_0)
FNDA:1,(anonymous_1)
FNDA:3,(anonymous_2)
FNDA:3,(anonymous_3)
FNDA:1,(anonymous_4)
FNDA:1,(anonymous_5)
FNDA:1,(anonymous_6)
FNDA:1,(anonymous_7)
DA:1,1
DA:3,1
DA:4,1
DA:10,1
DA:11,1
DA:17,1
DA:18,1
DA:24,0
DA:31,1
DA:32,3
DA:33,3
DA:34,3
DA:41,0
DA:48,1
DA:49,1
DA:56,1
DA:57,1
DA:62,1
DA:68,0
DA:75,1
DA:76,1
DA:80,1
DA:81,1
DA:82,1
DA:88,0
LF:25
LH:21
BRF:0
BRH:0
end_of_record
TN:
SF:controllers\users.controllers.js
FN:10,(anonymous_0)
FN:22,(anonymous_1)
FN:28,(anonymous_2)
FN:55,(anonymous_3)
FN:69,(anonymous_4)
FN:70,(anonymous_5)
FN:81,(anonymous_6)
FNF:7
FNH:7
FNDA:10,(anonymous_0)
FNDA:10,(anonymous_1)
FNDA:9,(anonymous_2)
FNDA:11,(anonymous_3)
FNDA:11,(anonymous_4)
FNDA:11,(anonymous_5)
FNDA:10,(anonymous_6)
DA:1,1
DA:2,1
DA:3,1
DA:4,1
DA:6,1
DA:8,1
DA:10,1
DA:11,10
DA:16,10
DA:17,10
DA:19,10
DA:20,0
DA:22,10
DA:23,10
DA:24,0
DA:26,10
DA:29,9
DA:30,0
DA:32,9
DA:37,9
DA:48,0
DA:55,1
DA:56,11
DA:63,11
DA:64,11
DA:66,11
DA:67,0
DA:69,11
DA:70,11
DA:71,11
DA:72,0
DA:74,11
DA:81,11
DA:82,10
DA:92,0
DA:99,1
DA:108,1
LF:37
LH:30
BRDA:19,0,0,0
BRDA:19,0,1,10
BRDA:23,1,0,0
BRDA:23,1,1,10
BRDA:29,2,0,0
BRDA:29,2,1,9
BRDA:66,3,0,0
BRDA:66,3,1,11
BRDA:71,4,0,0
BRDA:71,4,1,11
BRF:10
BRH:5
end_of_record
TN:
SF:controllers\work.controllers.js
FN:3,(anonymous_0)
FN:23,(anonymous_1)
FN:37,(anonymous_2)
FN:43,(anonymous_3)
FN:58,(anonymous_4)
FN:60,(anonymous_5)
FN:75,(anonymous_6)
FN:92,(anonymous_7)
FN:106,(anonymous_8)
FN:112,(anonymous_9)
FNF:10
FNH:3
FNDA:1,(anonymous_0)
FNDA:0,(anonymous_1)
FNDA:0,(anonymous_2)
FNDA:0,(anonymous_3)
FNDA:2,(anonymous_4)
FNDA:1,(anonymous_5)
FNDA:0,(anonymous_6)
FNDA:0,(anonymous_7)
FNDA:0,(anonymous_8)
FNDA:0,(anonymous_9)
DA:1,1
DA:3,1
DA:4,1
DA:13,1
DA:14,1
DA:23,1
DA:24,0
DA:30,0
DA:37,1
DA:38,0
DA:42,0
DA:43,0
DA:44,0
DA:51,0
DA:58,1
DA:59,2
DA:60,2
DA:61,1
DA:68,0
DA:75,1
DA:76,0
DA:85,0
DA:86,0
DA:93,0
DA:99,0
DA:106,1
DA:107,0
DA:111,0
DA:112,0
DA:113,0
DA:119,0
LF:31
LH:13
BRF:0
BRH:0
end_of_record
TN:
SF:middlewares\admin.auth.js
FN:4,(anonymous_0)
FN:12,(anonymous_1)
FNF:2
FNH:2
FNDA:11,(anonymous_0)
FNDA:11,(anonymous_1)
DA:1,1
DA:2,1
DA:4,1
DA:5,11
DA:6,11
DA:7,0
DA:9,11
DA:10,11
DA:12,11
DA:13,11
DA:14,0
DA:16,11
DA:17,11
DA:19,0
DA:25,0
LF:15
LH:11
BRDA:6,0,0,0
BRDA:6,0,1,11
BRDA:13,1,0,0
BRDA:13,1,1,11
BRDA:16,2,0,11
BRDA:16,2,1,0
BRF:6
BRH:3
end_of_record
TN:
SF:middlewares\user.auth.js
FN:4,(anonymous_0)
FN:12,(anonymous_1)
FNF:2
FNH:0
FNDA:0,(anonymous_0)
FNDA:0,(anonymous_1)
DA:1,1
DA:2,1
DA:4,1
DA:5,0
DA:6,0
DA:7,0
DA:9,0
DA:10,0
DA:12,0
DA:13,0
DA:14,0
DA:16,0
DA:17,0
DA:18,0
DA:20,0
DA:26,0
LF:16
LH:3
BRDA:6,0,0,0
BRDA:6,0,1,0
BRDA:13,1,0,0
BRDA:13,1,1,0
BRDA:16,2,0,0
BRDA:16,2,1,0
BRDA:16,3,0,0
BRDA:16,3,1,0
BRF:8
BRH:0
end_of_record
TN:
SF:models\about.model.js
FNF:0
FNH:0
DA:1,1
DA:3,1
DA:14,1
LF:3
LH:3
BRF:0
BRH:0
end_of_record
TN:
SF:models\blogs.model.js
FNF:0
FNH:0
DA:1,1
DA:3,1
DA:36,1
LF:3
LH:3
BRF:0
BRH:0
end_of_record
TN:
SF:models\experience.model.js
FNF:0
FNH:0
DA:1,1
DA:3,1
DA:34,1
LF:3
LH:3
BRF:0
BRH:0
end_of_record
TN:
SF:models\messages.model.js
FNF:0
FNH:0
DA:1,1
DA:3,1
DA:26,1
LF:3
LH:3
BRF:0
BRH:0
end_of_record
TN:
SF:models\skills.model.js
FNF:0
FNH:0
DA:1,1
DA:3,1
DA:23,1
LF:3
LH:3
BRF:0
BRH:0
end_of_record
TN:
SF:models\user.model.js
FNF:0
FNH:0
DA:1,1
DA:3,1
DA:22,1
LF:3
LH:3
BRF:0
BRH:0
end_of_record
TN:
SF:models\work.model.js
FNF:0
FNH:0
DA:1,1
DA:3,1
DA:29,1
LF:3
LH:3
BRF:0
BRH:0
end_of_record
TN:
SF:services\db.service.js
FN:5,(anonymous_0)
FNF:1
FNH:1
FNDA:1,(anonymous_0)
DA:1,1
DA:3,1
DA:6,1
LF:3
LH:3
BRF:0
BRH:0
end_of_record
TN:
SF:services\image.service.js
FNF:0
FNH:0
DA:2,1
DA:5,1
DA:7,1
DA:9,1
LF:4
LH:4
BRF:0
BRH:0
end_of_record
TN:
SF:services\message.service.js
FN:17,(anonymous_0)
FN:25,(anonymous_1)
FN:26,(anonymous_2)
FNF:3
FNH:3
FNDA:1,(anonymous_0)
FNDA:1,(anonymous_1)
FNDA:1,(anonymous_2)
DA:1,1
DA:3,1
DA:5,1
DA:7,1
DA:17,1
DA:18,1
DA:25,1
DA:26,1
DA:27,1
DA:32,1
LF:10
LH:10
BRF:0
BRH:0
end_of_record
